18-Jun-2024 17:28:39.068 정보 [main] org.apache.catalina.startup.VersionLoggerListener.log 서버 버전 이름:    Apache Tomcat/10.1.24
18-Jun-2024 17:28:39.072 정보 [main] org.apache.catalina.startup.VersionLoggerListener.log Server 빌드 시각:  May 9 2024 17:41:23 UTC
18-Jun-2024 17:28:39.072 정보 [main] org.apache.catalina.startup.VersionLoggerListener.log Server 버전 번호:  10.1.24.0
18-Jun-2024 17:28:39.072 정보 [main] org.apache.catalina.startup.VersionLoggerListener.log 운영체제 이름:     Windows 10
18-Jun-2024 17:28:39.072 정보 [main] org.apache.catalina.startup.VersionLoggerListener.log 운영체제 버전:     10.0
18-Jun-2024 17:28:39.072 정보 [main] org.apache.catalina.startup.VersionLoggerListener.log 아키텍처:          amd64
18-Jun-2024 17:28:39.072 정보 [main] org.apache.catalina.startup.VersionLoggerListener.log 자바 홈:           C:\Users\admin\.jdks\corretto-21.0.3
18-Jun-2024 17:28:39.072 정보 [main] org.apache.catalina.startup.VersionLoggerListener.log JVM 버전:          21.0.3+9-LTS
18-Jun-2024 17:28:39.073 정보 [main] org.apache.catalina.startup.VersionLoggerListener.log JVM 벤더:          Amazon.com Inc.
18-Jun-2024 17:28:39.073 정보 [main] org.apache.catalina.startup.VersionLoggerListener.log CATALINA_BASE:     D:\최시원\서블릿JSP\TDDPractice\src\main
18-Jun-2024 17:28:39.073 정보 [main] org.apache.catalina.startup.VersionLoggerListener.log CATALINA_HOME:     D:\최시원\apache-tomcat-10.1.24
18-Jun-2024 17:28:39.082 정보 [main] org.apache.catalina.startup.VersionLoggerListener.log 명령 행 아규먼트:  --add-opens=java.base/java.lang=ALL-UNNAMED
18-Jun-2024 17:28:39.082 정보 [main] org.apache.catalina.startup.VersionLoggerListener.log 명령 행 아규먼트:  --add-opens=java.base/java.io=ALL-UNNAMED
18-Jun-2024 17:28:39.082 정보 [main] org.apache.catalina.startup.VersionLoggerListener.log 명령 행 아규먼트:  --add-opens=java.base/java.util=ALL-UNNAMED
18-Jun-2024 17:28:39.082 정보 [main] org.apache.catalina.startup.VersionLoggerListener.log 명령 행 아규먼트:  --add-opens=java.base/java.util.concurrent=ALL-UNNAMED
18-Jun-2024 17:28:39.082 정보 [main] org.apache.catalina.startup.VersionLoggerListener.log 명령 행 아규먼트:  --add-opens=java.rmi/sun.rmi.transport=ALL-UNNAMED
18-Jun-2024 17:28:39.082 정보 [main] org.apache.catalina.startup.VersionLoggerListener.log 명령 행 아규먼트:  -Dcatalina.home=D:\최시원\apache-tomcat-10.1.24
18-Jun-2024 17:28:39.082 정보 [main] org.apache.catalina.startup.VersionLoggerListener.log 명령 행 아규먼트:  -Dcatalina.base=D:\최시원\서블릿JSP\TDDPractice\src\main
18-Jun-2024 17:28:39.083 정보 [main] org.apache.catalina.startup.VersionLoggerListener.log 명령 행 아규먼트:  -Djava.io.tmpdir=D:\최시원\서블릿JSP\TDDPractice\src\main\temp
18-Jun-2024 17:28:39.083 정보 [main] org.apache.catalina.startup.VersionLoggerListener.log 명령 행 아규먼트:  -Djava.util.logging.config.file=D:\최시원\서블릿JSP\TDDPractice\src\main\conf\logging.properties
18-Jun-2024 17:28:39.083 정보 [main] org.apache.catalina.startup.VersionLoggerListener.log 명령 행 아규먼트:  -Djava.util.logging.manager=org.apache.juli.ClassLoaderLogManager
18-Jun-2024 17:28:39.083 정보 [main] org.apache.catalina.startup.VersionLoggerListener.log 명령 행 아규먼트:  -javaagent:C:\Program Files\JetBrains\IntelliJ IDEA Community Edition 2024.1.2\lib\idea_rt.jar=64639:C:\Program Files\JetBrains\IntelliJ IDEA Community Edition 2024.1.2\bin
18-Jun-2024 17:28:39.083 정보 [main] org.apache.catalina.startup.VersionLoggerListener.log 명령 행 아규먼트:  -Dfile.encoding=UTF-8
18-Jun-2024 17:28:39.083 정보 [main] org.apache.catalina.startup.VersionLoggerListener.log 명령 행 아규먼트:  -Dsun.stdout.encoding=UTF-8
18-Jun-2024 17:28:39.083 정보 [main] org.apache.catalina.startup.VersionLoggerListener.log 명령 행 아규먼트:  -Dsun.stderr.encoding=UTF-8
18-Jun-2024 17:28:39.089 정보 [main] org.apache.catalina.core.AprLifecycleListener.lifecycleEvent 프로덕션 환경들에서 최적의 성능을 제공하는, APR 기반 Apache Tomcat Native 라이브러리가, 다음 java.library.path에서 발견되지 않습니다: [C:\Users\admin\.jdks\corretto-21.0.3\bin;C:\Windows\Sun\Java\bin;C:\Windows\system32;C:\Windows;C:\Windows\system32;C:\Windows;C:\Windows\System32\Wbem;C:\Windows\System32\WindowsPowerShell\v1.0\;C:\Windows\System32\OpenSSH\;C:\Program Files\Git\cmd;C:\Program Files\Docker\Docker\resources\bin;C:\Users\admin\AppData\Local\Microsoft\WindowsApps;C:\Users\admin\AppData\Local\Programs\Microsoft VS Code\bin;.]
18-Jun-2024 17:28:39.321 정보 [main] org.apache.coyote.AbstractProtocol.init 프로토콜 핸들러 ["http-nio-3000"]을(를) 초기화합니다.
18-Jun-2024 17:28:39.341 정보 [main] org.apache.catalina.startup.Catalina.load [444] 밀리초 내에 서버가 초기화되었습니다.
18-Jun-2024 17:28:39.397 정보 [main] org.apache.catalina.core.StandardService.startInternal 서비스 [Catalina]을(를) 시작합니다.
18-Jun-2024 17:28:39.397 정보 [main] org.apache.catalina.core.StandardEngine.startInternal 서버 엔진을 시작합니다: [Apache Tomcat/10.1.24]
18-Jun-2024 17:28:39.410 정보 [main] org.apache.catalina.startup.HostConfig.deployDescriptor 배치 descriptor [D:\최시원\서블릿JSP\TDDPractice\src\main\conf\Catalina\localhost\TDDPractice.xml]을(를) 배치합니다.
18-Jun-2024 17:28:39.711 정보 [main] org.apache.catalina.startup.HostConfig.deployDescriptor 배치 descriptor [D:\최시원\서블릿JSP\TDDPractice\src\main\conf\Catalina\localhost\TDDPractice.xml]의 배치가 [294] 밀리초 내에 완료되었습니다.
18-Jun-2024 17:28:39.715 정보 [main] org.apache.coyote.AbstractProtocol.start 프로토콜 핸들러 ["http-nio-3000"]을(를) 시작합니다.
18-Jun-2024 17:28:39.736 정보 [main] org.apache.catalina.startup.Catalina.start 서버가 [393] 밀리초 내에 시작되었습니다.
18-Jun-2024 17:43:20.658 정보 [Catalina-utility-1] org.apache.catalina.startup.HostConfig.reload 컨텍스트 [/TDDPractice]을(를) 다시 로드합니다.
18-Jun-2024 17:43:20.659 정보 [Catalina-utility-1] org.apache.catalina.core.StandardContext.reload 이름이 [/TDDPractice]인 컨텍스트를 다시 로드하는 작업이 시작되었습니다.
18-Jun-2024 17:43:20.678 심각 [Catalina-utility-1] org.apache.tomcat.util.digester.Digester.fatalError [1] 행 [1] 열에서 심각한 파싱 오류 발생
	org.xml.sax.SAXParseException; systemId: file:/D:/최시원/서블릿JSP/TDDPractice/src/main/webapp/WEB-INF/web.xml; lineNumber: 1; columnNumber: 1; 예기치 않은 파일의 끝입니다.
		at java.xml/com.sun.org.apache.xerces.internal.util.ErrorHandlerWrapper.createSAXParseException(ErrorHandlerWrapper.java:204)
		at java.xml/com.sun.org.apache.xerces.internal.util.ErrorHandlerWrapper.fatalError(ErrorHandlerWrapper.java:178)
		at java.xml/com.sun.org.apache.xerces.internal.impl.XMLErrorReporter.reportError(XMLErrorReporter.java:400)
		at java.xml/com.sun.org.apache.xerces.internal.impl.XMLErrorReporter.reportError(XMLErrorReporter.java:327)
		at java.xml/com.sun.org.apache.xerces.internal.impl.XMLScanner.reportFatalError(XMLScanner.java:1465)
		at java.xml/com.sun.org.apache.xerces.internal.impl.XMLDocumentScannerImpl$PrologDriver.next(XMLDocumentScannerImpl.java:1013)
		at java.xml/com.sun.org.apache.xerces.internal.impl.XMLDocumentScannerImpl.next(XMLDocumentScannerImpl.java:605)
		at java.xml/com.sun.org.apache.xerces.internal.impl.XMLDocumentFragmentScannerImpl.scanDocument(XMLDocumentFragmentScannerImpl.java:542)
		at java.xml/com.sun.org.apache.xerces.internal.parsers.XML11Configuration.parse(XML11Configuration.java:889)
		at java.xml/com.sun.org.apache.xerces.internal.parsers.XML11Configuration.parse(XML11Configuration.java:825)
		at java.xml/com.sun.org.apache.xerces.internal.parsers.XMLParser.parse(XMLParser.java:141)
		at java.xml/com.sun.org.apache.xerces.internal.parsers.AbstractSAXParser.parse(AbstractSAXParser.java:1224)
		at java.xml/com.sun.org.apache.xerces.internal.jaxp.SAXParserImpl$JAXPSAXParser.parse(SAXParserImpl.java:637)
		at org.apache.tomcat.util.digester.Digester.parse(Digester.java:1522)
		at org.apache.tomcat.util.descriptor.web.WebXmlParser.parseWebXml(WebXmlParser.java:119)
		at org.apache.catalina.startup.ContextConfig.webConfig(ContextConfig.java:1236)
		at org.apache.catalina.startup.ContextConfig.configureStart(ContextConfig.java:961)
		at org.apache.catalina.startup.ContextConfig.lifecycleEvent(ContextConfig.java:290)
		at org.apache.catalina.util.LifecycleBase.fireLifecycleEvent(LifecycleBase.java:114)
		at org.apache.catalina.core.StandardContext.startInternal(StandardContext.java:4330)
		at org.apache.catalina.util.LifecycleBase.start(LifecycleBase.java:171)
		at org.apache.catalina.core.StandardContext.reload(StandardContext.java:3209)
		at org.apache.catalina.startup.HostConfig.reload(HostConfig.java:1460)
		at org.apache.catalina.startup.HostConfig.checkResources(HostConfig.java:1435)
		at org.apache.catalina.startup.HostConfig.check(HostConfig.java:1665)
		at org.apache.catalina.startup.HostConfig.lifecycleEvent(HostConfig.java:299)
		at org.apache.catalina.util.LifecycleBase.fireLifecycleEvent(LifecycleBase.java:114)
		at org.apache.catalina.core.ContainerBase.backgroundProcess(ContainerBase.java:973)
		at org.apache.catalina.core.ContainerBase$ContainerBackgroundProcessor.processChildren(ContainerBase.java:1172)
		at org.apache.catalina.core.ContainerBase$ContainerBackgroundProcessor.processChildren(ContainerBase.java:1176)
		at org.apache.catalina.core.ContainerBase$ContainerBackgroundProcessor.run(ContainerBase.java:1154)
		at java.base/java.util.concurrent.Executors$RunnableAdapter.call(Executors.java:572)
		at java.base/java.util.concurrent.FutureTask.runAndReset(FutureTask.java:358)
		at java.base/java.util.concurrent.ScheduledThreadPoolExecutor$ScheduledFutureTask.run(ScheduledThreadPoolExecutor.java:305)
		at java.base/java.util.concurrent.ThreadPoolExecutor.runWorker(ThreadPoolExecutor.java:1144)
		at java.base/java.util.concurrent.ThreadPoolExecutor$Worker.run(ThreadPoolExecutor.java:642)
		at org.apache.tomcat.util.threads.TaskThread$WrappingRunnable.run(TaskThread.java:63)
		at java.base/java.lang.Thread.run(Thread.java:1583)
18-Jun-2024 17:43:20.679 심각 [Catalina-utility-1] org.apache.tomcat.util.descriptor.web.WebXmlParser.parseWebXml [file:/D:/최시원/서블릿JSP/TDDPractice/src/main/webapp/WEB-INF/web.xml]에 위치한 애플리케이션 web.xml 내에서 파싱 오류 발생
	org.xml.sax.SAXParseException; systemId: file:/D:/최시원/서블릿JSP/TDDPractice/src/main/webapp/WEB-INF/web.xml; lineNumber: 1; columnNumber: 1; 예기치 않은 파일의 끝입니다.
		at java.xml/com.sun.org.apache.xerces.internal.util.ErrorHandlerWrapper.createSAXParseException(ErrorHandlerWrapper.java:204)
		at java.xml/com.sun.org.apache.xerces.internal.util.ErrorHandlerWrapper.fatalError(ErrorHandlerWrapper.java:178)
		at java.xml/com.sun.org.apache.xerces.internal.impl.XMLErrorReporter.reportError(XMLErrorReporter.java:400)
		at java.xml/com.sun.org.apache.xerces.internal.impl.XMLErrorReporter.reportError(XMLErrorReporter.java:327)
		at java.xml/com.sun.org.apache.xerces.internal.impl.XMLScanner.reportFatalError(XMLScanner.java:1465)
		at java.xml/com.sun.org.apache.xerces.internal.impl.XMLDocumentScannerImpl$PrologDriver.next(XMLDocumentScannerImpl.java:1013)
		at java.xml/com.sun.org.apache.xerces.internal.impl.XMLDocumentScannerImpl.next(XMLDocumentScannerImpl.java:605)
		at java.xml/com.sun.org.apache.xerces.internal.impl.XMLDocumentFragmentScannerImpl.scanDocument(XMLDocumentFragmentScannerImpl.java:542)
		at java.xml/com.sun.org.apache.xerces.internal.parsers.XML11Configuration.parse(XML11Configuration.java:889)
		at java.xml/com.sun.org.apache.xerces.internal.parsers.XML11Configuration.parse(XML11Configuration.java:825)
		at java.xml/com.sun.org.apache.xerces.internal.parsers.XMLParser.parse(XMLParser.java:141)
		at java.xml/com.sun.org.apache.xerces.internal.parsers.AbstractSAXParser.parse(AbstractSAXParser.java:1224)
		at java.xml/com.sun.org.apache.xerces.internal.jaxp.SAXParserImpl$JAXPSAXParser.parse(SAXParserImpl.java:637)
		at org.apache.tomcat.util.digester.Digester.parse(Digester.java:1522)
		at org.apache.tomcat.util.descriptor.web.WebXmlParser.parseWebXml(WebXmlParser.java:119)
		at org.apache.catalina.startup.ContextConfig.webConfig(ContextConfig.java:1236)
		at org.apache.catalina.startup.ContextConfig.configureStart(ContextConfig.java:961)
		at org.apache.catalina.startup.ContextConfig.lifecycleEvent(ContextConfig.java:290)
		at org.apache.catalina.util.LifecycleBase.fireLifecycleEvent(LifecycleBase.java:114)
		at org.apache.catalina.core.StandardContext.startInternal(StandardContext.java:4330)
		at org.apache.catalina.util.LifecycleBase.start(LifecycleBase.java:171)
		at org.apache.catalina.core.StandardContext.reload(StandardContext.java:3209)
		at org.apache.catalina.startup.HostConfig.reload(HostConfig.java:1460)
		at org.apache.catalina.startup.HostConfig.checkResources(HostConfig.java:1435)
		at org.apache.catalina.startup.HostConfig.check(HostConfig.java:1665)
		at org.apache.catalina.startup.HostConfig.lifecycleEvent(HostConfig.java:299)
		at org.apache.catalina.util.LifecycleBase.fireLifecycleEvent(LifecycleBase.java:114)
		at org.apache.catalina.core.ContainerBase.backgroundProcess(ContainerBase.java:973)
		at org.apache.catalina.core.ContainerBase$ContainerBackgroundProcessor.processChildren(ContainerBase.java:1172)
		at org.apache.catalina.core.ContainerBase$ContainerBackgroundProcessor.processChildren(ContainerBase.java:1176)
		at org.apache.catalina.core.ContainerBase$ContainerBackgroundProcessor.run(ContainerBase.java:1154)
		at java.base/java.util.concurrent.Executors$RunnableAdapter.call(Executors.java:572)
		at java.base/java.util.concurrent.FutureTask.runAndReset(FutureTask.java:358)
		at java.base/java.util.concurrent.ScheduledThreadPoolExecutor$ScheduledFutureTask.run(ScheduledThreadPoolExecutor.java:305)
		at java.base/java.util.concurrent.ThreadPoolExecutor.runWorker(ThreadPoolExecutor.java:1144)
		at java.base/java.util.concurrent.ThreadPoolExecutor$Worker.run(ThreadPoolExecutor.java:642)
		at org.apache.tomcat.util.threads.TaskThread$WrappingRunnable.run(TaskThread.java:63)
		at java.base/java.lang.Thread.run(Thread.java:1583)
18-Jun-2024 17:43:20.682 심각 [Catalina-utility-1] org.apache.tomcat.util.descriptor.web.WebXmlParser.parseWebXml 행 [1], 열 [1]에서 발생했음
18-Jun-2024 17:43:20.684 심각 [Catalina-utility-1] org.apache.catalina.startup.ContextConfig.configureStart 이전 오류(들)로 인하여, 이 애플리케이션이 가용하지 않은 것으로 표시합니다.
18-Jun-2024 17:43:20.684 심각 [Catalina-utility-1] org.apache.catalina.core.StandardContext.startInternal 하나 이상의 구성요소(들)이, 해당 컨텍스트가 올바로 설정되지 않았다고 표시했습니다.
18-Jun-2024 17:43:20.685 심각 [Catalina-utility-1] org.apache.catalina.core.StandardContext.startInternal 이전 오류들로 인해 컨텍스트 [/TDDPractice]의 시작이 실패했습니다.
18-Jun-2024 17:43:20.687 정보 [Catalina-utility-1] org.apache.catalina.core.StandardContext.reload 이름이 [/TDDPractice]인 컨텍스트를 다시 로드하는 것을 완료했습니다.
18-Jun-2024 17:45:20.038 정보 [Thread-1] org.apache.coyote.AbstractProtocol.pause 프로토콜 핸들러 ["http-nio-3000"]을(를) 일시 정지 중
18-Jun-2024 17:45:20.040 정보 [Thread-1] org.apache.catalina.core.StandardService.stopInternal 서비스 [Catalina]을(를) 중지시킵니다.
18-Jun-2024 17:45:20.041 정보 [Thread-1] org.apache.coyote.AbstractProtocol.stop 프로토콜 핸들러 ["http-nio-3000"]을(를) 중지시킵니다.
18-Jun-2024 17:45:20.045 정보 [Thread-1] org.apache.coyote.AbstractProtocol.destroy 프로토콜 핸들러 ["http-nio-3000"]을(를) 소멸시킵니다.
18-Jun-2024 17:48:42.665 정보 [main] org.apache.catalina.startup.VersionLoggerListener.log 서버 버전 이름:    Apache Tomcat/10.1.24
18-Jun-2024 17:48:42.668 정보 [main] org.apache.catalina.startup.VersionLoggerListener.log Server 빌드 시각:  May 9 2024 17:41:23 UTC
18-Jun-2024 17:48:42.669 정보 [main] org.apache.catalina.startup.VersionLoggerListener.log Server 버전 번호:  10.1.24.0
18-Jun-2024 17:48:42.669 정보 [main] org.apache.catalina.startup.VersionLoggerListener.log 운영체제 이름:     Windows 10
18-Jun-2024 17:48:42.669 정보 [main] org.apache.catalina.startup.VersionLoggerListener.log 운영체제 버전:     10.0
18-Jun-2024 17:48:42.669 정보 [main] org.apache.catalina.startup.VersionLoggerListener.log 아키텍처:          amd64
18-Jun-2024 17:48:42.669 정보 [main] org.apache.catalina.startup.VersionLoggerListener.log 자바 홈:           C:\Users\admin\.jdks\corretto-21.0.3
18-Jun-2024 17:48:42.669 정보 [main] org.apache.catalina.startup.VersionLoggerListener.log JVM 버전:          21.0.3+9-LTS
18-Jun-2024 17:48:42.669 정보 [main] org.apache.catalina.startup.VersionLoggerListener.log JVM 벤더:          Amazon.com Inc.
18-Jun-2024 17:48:42.670 정보 [main] org.apache.catalina.startup.VersionLoggerListener.log CATALINA_BASE:     D:\최시원\서블릿JSP\TDDPractice\src\main
18-Jun-2024 17:48:42.670 정보 [main] org.apache.catalina.startup.VersionLoggerListener.log CATALINA_HOME:     D:\최시원\apache-tomcat-10.1.24
18-Jun-2024 17:48:42.678 정보 [main] org.apache.catalina.startup.VersionLoggerListener.log 명령 행 아규먼트:  --add-opens=java.base/java.lang=ALL-UNNAMED
18-Jun-2024 17:48:42.678 정보 [main] org.apache.catalina.startup.VersionLoggerListener.log 명령 행 아규먼트:  --add-opens=java.base/java.io=ALL-UNNAMED
18-Jun-2024 17:48:42.679 정보 [main] org.apache.catalina.startup.VersionLoggerListener.log 명령 행 아규먼트:  --add-opens=java.base/java.util=ALL-UNNAMED
18-Jun-2024 17:48:42.679 정보 [main] org.apache.catalina.startup.VersionLoggerListener.log 명령 행 아규먼트:  --add-opens=java.base/java.util.concurrent=ALL-UNNAMED
18-Jun-2024 17:48:42.679 정보 [main] org.apache.catalina.startup.VersionLoggerListener.log 명령 행 아규먼트:  --add-opens=java.rmi/sun.rmi.transport=ALL-UNNAMED
18-Jun-2024 17:48:42.679 정보 [main] org.apache.catalina.startup.VersionLoggerListener.log 명령 행 아규먼트:  -Dcatalina.home=D:\최시원\apache-tomcat-10.1.24
18-Jun-2024 17:48:42.679 정보 [main] org.apache.catalina.startup.VersionLoggerListener.log 명령 행 아규먼트:  -Dcatalina.base=D:\최시원\서블릿JSP\TDDPractice\src\main
18-Jun-2024 17:48:42.679 정보 [main] org.apache.catalina.startup.VersionLoggerListener.log 명령 행 아규먼트:  -Djava.io.tmpdir=D:\최시원\서블릿JSP\TDDPractice\src\main\temp
18-Jun-2024 17:48:42.679 정보 [main] org.apache.catalina.startup.VersionLoggerListener.log 명령 행 아규먼트:  -Djava.util.logging.config.file=D:\최시원\서블릿JSP\TDDPractice\src\main\conf\logging.properties
18-Jun-2024 17:48:42.679 정보 [main] org.apache.catalina.startup.VersionLoggerListener.log 명령 행 아규먼트:  -Djava.util.logging.manager=org.apache.juli.ClassLoaderLogManager
18-Jun-2024 17:48:42.679 정보 [main] org.apache.catalina.startup.VersionLoggerListener.log 명령 행 아규먼트:  -javaagent:C:\Program Files\JetBrains\IntelliJ IDEA Community Edition 2024.1.2\lib\idea_rt.jar=64827:C:\Program Files\JetBrains\IntelliJ IDEA Community Edition 2024.1.2\bin
18-Jun-2024 17:48:42.679 정보 [main] org.apache.catalina.startup.VersionLoggerListener.log 명령 행 아규먼트:  -Dfile.encoding=UTF-8
18-Jun-2024 17:48:42.679 정보 [main] org.apache.catalina.startup.VersionLoggerListener.log 명령 행 아규먼트:  -Dsun.stdout.encoding=UTF-8
18-Jun-2024 17:48:42.679 정보 [main] org.apache.catalina.startup.VersionLoggerListener.log 명령 행 아규먼트:  -Dsun.stderr.encoding=UTF-8
18-Jun-2024 17:48:42.685 정보 [main] org.apache.catalina.core.AprLifecycleListener.lifecycleEvent 프로덕션 환경들에서 최적의 성능을 제공하는, APR 기반 Apache Tomcat Native 라이브러리가, 다음 java.library.path에서 발견되지 않습니다: [C:\Users\admin\.jdks\corretto-21.0.3\bin;C:\Windows\Sun\Java\bin;C:\Windows\system32;C:\Windows;C:\Windows\system32;C:\Windows;C:\Windows\System32\Wbem;C:\Windows\System32\WindowsPowerShell\v1.0\;C:\Windows\System32\OpenSSH\;C:\Program Files\Git\cmd;C:\Program Files\Docker\Docker\resources\bin;C:\Users\admin\AppData\Local\Microsoft\WindowsApps;C:\Users\admin\AppData\Local\Programs\Microsoft VS Code\bin;.]
18-Jun-2024 17:48:42.944 정보 [main] org.apache.coyote.AbstractProtocol.init 프로토콜 핸들러 ["http-nio-3000"]을(를) 초기화합니다.
18-Jun-2024 17:48:42.964 정보 [main] org.apache.catalina.startup.Catalina.load [484] 밀리초 내에 서버가 초기화되었습니다.
18-Jun-2024 17:48:43.014 정보 [main] org.apache.catalina.core.StandardService.startInternal 서비스 [Catalina]을(를) 시작합니다.
18-Jun-2024 17:48:43.014 정보 [main] org.apache.catalina.core.StandardEngine.startInternal 서버 엔진을 시작합니다: [Apache Tomcat/10.1.24]
18-Jun-2024 17:48:43.023 정보 [main] org.apache.catalina.startup.HostConfig.deployDescriptor 배치 descriptor [D:\최시원\서블릿JSP\TDDPractice\src\main\conf\Catalina\localhost\TDDPractice.xml]을(를) 배치합니다.
18-Jun-2024 17:48:43.847 정보 [main] org.apache.jasper.servlet.TldScanner.scanJars 적어도 하나의 JAR가 TLD들을 찾기 위해 스캔되었으나 아무 것도 찾지 못했습니다. 스캔했으나 TLD가 없는 JAR들의 전체 목록을 보시려면, 로그 레벨을 디버그 레벨로 설정하십시오. 스캔 과정에서 불필요한 JAR들을 건너뛰면, 시스템 시작 시간과 JSP 컴파일 시간을 단축시킬 수 있습니다.
18-Jun-2024 17:48:43.933 정보 [main] org.apache.catalina.startup.HostConfig.deployDescriptor 배치 descriptor [D:\최시원\서블릿JSP\TDDPractice\src\main\conf\Catalina\localhost\TDDPractice.xml]의 배치가 [906] 밀리초 내에 완료되었습니다.
18-Jun-2024 17:48:43.938 정보 [main] org.apache.coyote.AbstractProtocol.start 프로토콜 핸들러 ["http-nio-3000"]을(를) 시작합니다.
18-Jun-2024 17:48:43.958 정보 [main] org.apache.catalina.startup.Catalina.start 서버가 [992] 밀리초 내에 시작되었습니다.
18-Jun-2024 19:19:47.772 정보 [Thread-1] org.apache.coyote.AbstractProtocol.pause 프로토콜 핸들러 ["http-nio-3000"]을(를) 일시 정지 중
18-Jun-2024 19:19:47.774 정보 [Thread-1] org.apache.catalina.core.StandardService.stopInternal 서비스 [Catalina]을(를) 중지시킵니다.
18-Jun-2024 19:19:47.783 정보 [Thread-1] org.apache.coyote.AbstractProtocol.stop 프로토콜 핸들러 ["http-nio-3000"]을(를) 중지시킵니다.
18-Jun-2024 19:19:47.787 정보 [Thread-1] org.apache.coyote.AbstractProtocol.destroy 프로토콜 핸들러 ["http-nio-3000"]을(를) 소멸시킵니다.
18-Jun-2024 19:19:49.255 정보 [main] org.apache.catalina.startup.VersionLoggerListener.log 서버 버전 이름:    Apache Tomcat/10.1.24
18-Jun-2024 19:19:49.258 정보 [main] org.apache.catalina.startup.VersionLoggerListener.log Server 빌드 시각:  May 9 2024 17:41:23 UTC
18-Jun-2024 19:19:49.258 정보 [main] org.apache.catalina.startup.VersionLoggerListener.log Server 버전 번호:  10.1.24.0
18-Jun-2024 19:19:49.259 정보 [main] org.apache.catalina.startup.VersionLoggerListener.log 운영체제 이름:     Windows 10
18-Jun-2024 19:19:49.259 정보 [main] org.apache.catalina.startup.VersionLoggerListener.log 운영체제 버전:     10.0
18-Jun-2024 19:19:49.259 정보 [main] org.apache.catalina.startup.VersionLoggerListener.log 아키텍처:          amd64
18-Jun-2024 19:19:49.259 정보 [main] org.apache.catalina.startup.VersionLoggerListener.log 자바 홈:           C:\Users\admin\.jdks\corretto-21.0.3
18-Jun-2024 19:19:49.259 정보 [main] org.apache.catalina.startup.VersionLoggerListener.log JVM 버전:          21.0.3+9-LTS
18-Jun-2024 19:19:49.259 정보 [main] org.apache.catalina.startup.VersionLoggerListener.log JVM 벤더:          Amazon.com Inc.
18-Jun-2024 19:19:49.259 정보 [main] org.apache.catalina.startup.VersionLoggerListener.log CATALINA_BASE:     D:\최시원\서블릿JSP\TDDPractice\src\main
18-Jun-2024 19:19:49.259 정보 [main] org.apache.catalina.startup.VersionLoggerListener.log CATALINA_HOME:     D:\최시원\apache-tomcat-10.1.24
18-Jun-2024 19:19:49.268 정보 [main] org.apache.catalina.startup.VersionLoggerListener.log 명령 행 아규먼트:  --add-opens=java.base/java.lang=ALL-UNNAMED
18-Jun-2024 19:19:49.268 정보 [main] org.apache.catalina.startup.VersionLoggerListener.log 명령 행 아규먼트:  --add-opens=java.base/java.io=ALL-UNNAMED
18-Jun-2024 19:19:49.268 정보 [main] org.apache.catalina.startup.VersionLoggerListener.log 명령 행 아규먼트:  --add-opens=java.base/java.util=ALL-UNNAMED
18-Jun-2024 19:19:49.268 정보 [main] org.apache.catalina.startup.VersionLoggerListener.log 명령 행 아규먼트:  --add-opens=java.base/java.util.concurrent=ALL-UNNAMED
18-Jun-2024 19:19:49.268 정보 [main] org.apache.catalina.startup.VersionLoggerListener.log 명령 행 아규먼트:  --add-opens=java.rmi/sun.rmi.transport=ALL-UNNAMED
18-Jun-2024 19:19:49.268 정보 [main] org.apache.catalina.startup.VersionLoggerListener.log 명령 행 아규먼트:  -Dcatalina.home=D:\최시원\apache-tomcat-10.1.24
18-Jun-2024 19:19:49.268 정보 [main] org.apache.catalina.startup.VersionLoggerListener.log 명령 행 아규먼트:  -Dcatalina.base=D:\최시원\서블릿JSP\TDDPractice\src\main
18-Jun-2024 19:19:49.268 정보 [main] org.apache.catalina.startup.VersionLoggerListener.log 명령 행 아규먼트:  -Djava.io.tmpdir=D:\최시원\서블릿JSP\TDDPractice\src\main\temp
18-Jun-2024 19:19:49.269 정보 [main] org.apache.catalina.startup.VersionLoggerListener.log 명령 행 아규먼트:  -Djava.util.logging.config.file=D:\최시원\서블릿JSP\TDDPractice\src\main\conf\logging.properties
18-Jun-2024 19:19:49.269 정보 [main] org.apache.catalina.startup.VersionLoggerListener.log 명령 행 아규먼트:  -Djava.util.logging.manager=org.apache.juli.ClassLoaderLogManager
18-Jun-2024 19:19:49.269 정보 [main] org.apache.catalina.startup.VersionLoggerListener.log 명령 행 아규먼트:  -javaagent:C:\Program Files\JetBrains\IntelliJ IDEA Community Edition 2024.1.2\lib\idea_rt.jar=54159:C:\Program Files\JetBrains\IntelliJ IDEA Community Edition 2024.1.2\bin
18-Jun-2024 19:19:49.269 정보 [main] org.apache.catalina.startup.VersionLoggerListener.log 명령 행 아규먼트:  -Dfile.encoding=UTF-8
18-Jun-2024 19:19:49.269 정보 [main] org.apache.catalina.startup.VersionLoggerListener.log 명령 행 아규먼트:  -Dsun.stdout.encoding=UTF-8
18-Jun-2024 19:19:49.269 정보 [main] org.apache.catalina.startup.VersionLoggerListener.log 명령 행 아규먼트:  -Dsun.stderr.encoding=UTF-8
18-Jun-2024 19:19:49.275 정보 [main] org.apache.catalina.core.AprLifecycleListener.lifecycleEvent 프로덕션 환경들에서 최적의 성능을 제공하는, APR 기반 Apache Tomcat Native 라이브러리가, 다음 java.library.path에서 발견되지 않습니다: [C:\Users\admin\.jdks\corretto-21.0.3\bin;C:\Windows\Sun\Java\bin;C:\Windows\system32;C:\Windows;C:\Windows\system32;C:\Windows;C:\Windows\System32\Wbem;C:\Windows\System32\WindowsPowerShell\v1.0\;C:\Windows\System32\OpenSSH\;C:\Program Files\Git\cmd;C:\Program Files\Docker\Docker\resources\bin;C:\Users\admin\AppData\Local\Microsoft\WindowsApps;C:\Users\admin\AppData\Local\Programs\Microsoft VS Code\bin;.]
18-Jun-2024 19:19:49.537 정보 [main] org.apache.coyote.AbstractProtocol.init 프로토콜 핸들러 ["http-nio-3000"]을(를) 초기화합니다.
18-Jun-2024 19:19:49.555 정보 [main] org.apache.catalina.startup.Catalina.load [476] 밀리초 내에 서버가 초기화되었습니다.
18-Jun-2024 19:19:49.599 정보 [main] org.apache.catalina.core.StandardService.startInternal 서비스 [Catalina]을(를) 시작합니다.
18-Jun-2024 19:19:49.599 정보 [main] org.apache.catalina.core.StandardEngine.startInternal 서버 엔진을 시작합니다: [Apache Tomcat/10.1.24]
18-Jun-2024 19:19:49.609 정보 [main] org.apache.catalina.startup.HostConfig.deployDescriptor 배치 descriptor [D:\최시원\서블릿JSP\TDDPractice\src\main\conf\Catalina\localhost\TDDPractice.xml]을(를) 배치합니다.
18-Jun-2024 19:19:50.266 정보 [main] org.apache.jasper.servlet.TldScanner.scanJars 적어도 하나의 JAR가 TLD들을 찾기 위해 스캔되었으나 아무 것도 찾지 못했습니다. 스캔했으나 TLD가 없는 JAR들의 전체 목록을 보시려면, 로그 레벨을 디버그 레벨로 설정하십시오. 스캔 과정에서 불필요한 JAR들을 건너뛰면, 시스템 시작 시간과 JSP 컴파일 시간을 단축시킬 수 있습니다.
18-Jun-2024 19:19:50.351 정보 [main] org.apache.catalina.startup.HostConfig.deployDescriptor 배치 descriptor [D:\최시원\서블릿JSP\TDDPractice\src\main\conf\Catalina\localhost\TDDPractice.xml]의 배치가 [740] 밀리초 내에 완료되었습니다.
18-Jun-2024 19:19:50.355 정보 [main] org.apache.coyote.AbstractProtocol.start 프로토콜 핸들러 ["http-nio-3000"]을(를) 시작합니다.
18-Jun-2024 19:19:50.376 정보 [main] org.apache.catalina.startup.Catalina.start 서버가 [820] 밀리초 내에 시작되었습니다.
